<?xml version="1.0" encoding="UTF-8"?>
<!-- Generated by org.testng.reporters.JUnitReportReporter -->
<testsuite skipped="0" hostname="GML1GKIRCA" name="SelendroidTest" tests="4" failures="0" timestamp="27 Eki 2022 19:48:55 GMT" time="22.092" errors="0">
  <testcase name="displayTest" time="1.492" classname="SelendroidTest"/>
  <testcase name="zEnClick" time="4.585" classname="SelendroidTest"/>
  <testcase name="focusClick" time="1.346" classname="SelendroidTest"/>
  <testcase name="registerClick" time="14.669" classname="SelendroidTest"/>
</testsuite> <!-- SelendroidTest -->
